{"D:\\SEP490\\petties\\petties-web\\src\\utils\\errorHandler.ts": {"path":"D:\\SEP490\\petties\\petties-web\\src\\utils\\errorHandler.ts","statementMap":{"0":{"start":{"line":7,"column":47},"end":{"line":26,"column":null}},"1":{"start":{"line":32,"column":2},"end":{"line":36,"column":null}},"2":{"start":{"line":48,"column":4},"end":{"line":48,"column":null}},"3":{"start":{"line":55,"column":6},"end":{"line":55,"column":null}},"4":{"start":{"line":60,"column":31},"end":{"line":60,"column":null}},"5":{"start":{"line":64,"column":26},"end":{"line":64,"column":null}},"6":{"start":{"line":68,"column":10},"end":{"line":68,"column":null}},"7":{"start":{"line":73,"column":29},"end":{"line":73,"column":null}},"8":{"start":{"line":74,"column":10},"end":{"line":74,"column":null}},"9":{"start":{"line":80,"column":8},"end":{"line":80,"column":null}},"10":{"start":{"line":84,"column":6},"end":{"line":84,"column":null}},"11":{"start":{"line":89,"column":6},"end":{"line":89,"column":null}},"12":{"start":{"line":97,"column":6},"end":{"line":97,"column":null}},"13":{"start":{"line":102,"column":6},"end":{"line":102,"column":null}},"14":{"start":{"line":108,"column":4},"end":{"line":108,"column":null}},"15":{"start":{"line":112,"column":2},"end":{"line":112,"column":null}},"16":{"start":{"line":134,"column":18},"end":{"line":134,"column":55}},"17":{"start":{"line":135,"column":2},"end":{"line":135,"column":null}},"18":{"start":{"line":140,"column":4},"end":{"line":140,"column":null}}},"fnMap":{},"branchMap":{"0":{"loc":{"start":{"line":33,"column":4},"end":{"line":36,"column":null}},"type":"binary-expr","locations":[{"start":{"line":33,"column":4},"end":{"line":33,"column":null}},{"start":{"line":34,"column":4},"end":{"line":34,"column":null}},{"start":{"line":35,"column":4},"end":{"line":35,"column":null}},{"start":{"line":36,"column":4},"end":{"line":36,"column":null}}],"line":33},"1":{"loc":{"start":{"line":54,"column":8},"end":{"line":54,"column":52}},"type":"binary-expr","locations":[{"start":{"line":54,"column":8},"end":{"line":54,"column":22}},{"start":{"line":54,"column":22},"end":{"line":54,"column":52}}],"line":54},"2":{"loc":{"start":{"line":63,"column":10},"end":{"line":63,"column":44}},"type":"binary-expr","locations":[{"start":{"line":63,"column":10},"end":{"line":63,"column":18}},{"start":{"line":63,"column":18},"end":{"line":63,"column":44}}],"line":63},"3":{"loc":{"start":{"line":67,"column":12},"end":{"line":67,"column":66}},"type":"binary-expr","locations":[{"start":{"line":67,"column":12},"end":{"line":67,"column":33}},{"start":{"line":67,"column":33},"end":{"line":67,"column":66}}],"line":67},"4":{"loc":{"start":{"line":72,"column":12},"end":{"line":72,"column":74}},"type":"binary-expr","locations":[{"start":{"line":72,"column":12},"end":{"line":72,"column":32}},{"start":{"line":72,"column":32},"end":{"line":72,"column":74}}],"line":72},"5":{"loc":{"start":{"line":101,"column":8},"end":{"line":101,"column":54}},"type":"binary-expr","locations":[{"start":{"line":101,"column":8},"end":{"line":101,"column":25}},{"start":{"line":101,"column":25},"end":{"line":101,"column":54}}],"line":101},"6":{"loc":{"start":{"line":107,"column":6},"end":{"line":107,"column":56}},"type":"binary-expr","locations":[{"start":{"line":107,"column":6},"end":{"line":107,"column":35}},{"start":{"line":107,"column":35},"end":{"line":107,"column":56}}],"line":107},"7":{"loc":{"start":{"line":134,"column":18},"end":{"line":134,"column":55}},"type":"binary-expr","locations":[{"start":{"line":134,"column":18},"end":{"line":134,"column":35}},{"start":{"line":134,"column":35},"end":{"line":134,"column":55}}],"line":134}},"s":{"0":1,"1":23,"2":2,"3":5,"4":12,"5":12,"6":2,"7":1,"8":1,"9":8,"10":1,"11":1,"12":0,"13":1,"14":1,"15":3,"16":4,"17":4,"18":3},"f":{},"b":{"0":[23,21,21,18],"1":[18,5],"2":[12,12],"3":[12,2],"4":[10,1],"5":[2,1],"6":[4,2],"7":[4,3]},"meta":{"lastBranch":8,"lastFunction":0,"lastStatement":19,"seen":{"s:7:47:26:Infinity":0,"s:32:2:36:Infinity":1,"b:33:4:33:Infinity:34:4:34:Infinity:35:4:35:Infinity:36:4:36:Infinity":0,"s:48:4:48:Infinity":2,"b:54:8:54:22:54:22:54:52":1,"s:55:6:55:Infinity":3,"s:60:31:60:Infinity":4,"b:63:10:63:18:63:18:63:44":2,"s:64:26:64:Infinity":5,"b:67:12:67:33:67:33:67:66":3,"s:68:10:68:Infinity":6,"b:72:12:72:32:72:32:72:74":4,"s:73:29:73:Infinity":7,"s:74:10:74:Infinity":8,"s:80:8:80:Infinity":9,"s:84:6:84:Infinity":10,"s:89:6:89:Infinity":11,"s:97:6:97:Infinity":12,"b:101:8:101:25:101:25:101:54":5,"s:102:6:102:Infinity":13,"b:107:6:107:35:107:35:107:56":6,"s:108:4:108:Infinity":14,"s:112:2:112:Infinity":15,"s:134:18:134:55":16,"b:134:18:134:35:134:35:134:55":7,"s:135:2:135:Infinity":17,"s:140:4:140:Infinity":18}}}
}
